<?xml version="1.0" encoding="UTF-8"?>
<testng-results ignored="0" total="4" passed="4" failed="0" skipped="0">
  <reporter-output>
  </reporter-output>
  <suite started-at="2022-10-30T15:16:18 IST" name="Default suite" finished-at="2022-10-30T15:17:10 IST" duration-ms="52237">
    <groups>
    </groups>
    <test started-at="2022-10-30T15:16:18 IST" name="Default test" finished-at="2022-10-30T15:17:10 IST" duration-ms="52237">
      <class name="cs.cs2">
        <test-method is-config="true" signature="BT()[pri:0, instance:cs.cs2@1cbbffcd]" started-at="2022-10-30T15:16:18 IST" name="BT" finished-at="2022-10-30T15:16:22 IST" duration-ms="4134" status="PASS">
          <reporter-output>
          </reporter-output>
        </test-method> <!-- BT -->
        <test-method signature="testcase1()[pri:0, instance:cs.cs2@1cbbffcd]" started-at="2022-10-30T15:16:22 IST" name="testcase1" finished-at="2022-10-30T15:16:35 IST" duration-ms="12177" status="PASS">
          <reporter-output>
          </reporter-output>
        </test-method> <!-- testcase1 -->
        <test-method signature="testcase2()[pri:1, instance:cs.cs2@1cbbffcd]" started-at="2022-10-30T15:16:35 IST" name="testcase2" finished-at="2022-10-30T15:16:35 IST" duration-ms="655" status="PASS">
          <reporter-output>
          </reporter-output>
        </test-method> <!-- testcase2 -->
        <test-method signature="testcase3()[pri:2, instance:cs.cs2@1cbbffcd]" started-at="2022-10-30T15:16:35 IST" name="testcase3" finished-at="2022-10-30T15:16:47 IST" duration-ms="12157" status="PASS">
          <reporter-output>
          </reporter-output>
        </test-method> <!-- testcase3 -->
        <test-method signature="testcase4()[pri:3, instance:cs.cs2@1cbbffcd]" started-at="2022-10-30T15:16:47 IST" name="testcase4" finished-at="2022-10-30T15:16:51 IST" duration-ms="3823" status="PASS">
          <reporter-output>
          </reporter-output>
        </test-method> <!-- testcase4 -->
        <test-method is-config="true" signature="AT()[pri:0, instance:cs.cs2@1cbbffcd]" started-at="2022-10-30T15:16:51 IST" name="AT" finished-at="2022-10-30T15:17:10 IST" duration-ms="19239" status="PASS">
          <reporter-output>
          </reporter-output>
        </test-method> <!-- AT -->
      </class> <!-- cs.cs2 -->
    </test> <!-- Default test -->
  </suite> <!-- Default suite -->
</testng-results>
