<?xml version="1.0" encoding="UTF-8"?>
<!-- Generated by org.testng.reporters.JUnitXMLReporter -->
<testsuite ignored="0" hostname="LAPTOP-B43NS9G1" failures="0" tests="4" name="Default test" time="52.237" errors="0" timestamp="2022-10-30T15:17:10 IST">
  <testcase classname="cs.cs2" name="testcase1" time="12.177"/>
  <testcase classname="cs.cs2" name="testcase2" time="0.655"/>
  <testcase classname="cs.cs2" name="testcase3" time="12.157"/>
  <testcase classname="cs.cs2" name="testcase4" time="3.823"/>
</testsuite> <!-- Default test -->
